<?xml version="1.0" encoding="UTF-8"?>
<!-- Generated by org.testng.reporters.JUnitReportReporter -->
<testsuite hostname="os-PC" failures="0" tests="3" name="CommonFunction.SearchFunction" time="9.906" errors="0" timestamp="2021-01-30T19:49:29 IST" skipped="0">
  <testcase classname="CommonFunction.SearchFunction" name="Verify_search" time="5.557"/>
  <system-out/>
  <testcase classname="CommonFunction.SearchFunction" name="Login" time="3.092"/>
  <system-out/>
  <testcase classname="CommonFunction.SearchFunction" name="Search" time="1.257"/>
  <system-out/>
</testsuite> <!-- CommonFunction.SearchFunction -->
