<?xml version="1.0" encoding="UTF-8"?>
<!-- Generated by org.testng.reporters.JUnitReportReporter -->
<testsuite hostname="os-PC" failures="0" tests="1" name="CommonFunction.Loginpage" time="3.475" errors="0" timestamp="2021-01-30T22:02:29 IST" skipped="0">
  <testcase classname="CommonFunction.Loginpage" name="Login" time="3.475"/>
  <system-out/>
</testsuite> <!-- CommonFunction.Loginpage -->
