<?xml version="1.0" encoding="UTF-8"?>
<!-- Generated by org.testng.reporters.JUnitReportReporter -->
<testsuite hostname="os-PC" failures="0" tests="1" name="TestCases.Login_page" time="5.242" errors="0" timestamp="2021-01-31T13:23:38 IST" skipped="0">
  <testcase classname="TestCases.Login_page" name="Login" time="5.242"/>
  <system-out/>
</testsuite> <!-- TestCases.Login_page -->
