<?xml version="1.0" encoding="UTF-8"?>
<!-- Generated by org.testng.reporters.JUnitReportReporter -->
<testsuite hostname="os-PC" failures="0" tests="2" name="TestCases.SearchFunction" time="25.365" errors="0" timestamp="2021-02-01T10:15:42 IST" skipped="0">
  <testcase classname="TestCases.SearchFunction" name="Login" time="4.029"/>
  <system-out/>
  <testcase classname="TestCases.SearchFunction" name="checkout" time="21.336"/>
  <system-out/>
</testsuite> <!-- TestCases.SearchFunction -->
